<?xml version="1.0" encoding="UTF-8"?>
<!-- Generated by org.testng.reporters.JUnitXMLReporter -->
<testsuite ignored="0" hostname="Chaitras-MacBook.local" failures="1" tests="2" name="Test3" time="17.057" errors="0" timestamp="2021-09-24T17:37:33 GMT-07:00">
  <testcase classname="Academy.ValidateTitleTest" name="validateAppTitle" time="0.099">
    <failure type="java.lang.AssertionError" message="expected [FEATURED123COURSES] but found [FEATURED COURSES]">
      <![CDATA[java.lang.AssertionError: expected [FEATURED123COURSES] but found [FEATURED COURSES]
at Academy.ValidateTitleTest.validateAppTitle(ValidateTitleTest.java:41)
at java.base/java.util.ArrayList.forEach(ArrayList.java:1511)
at java.base/java.util.concurrent.FutureTask.run(FutureTask.java:264)
at java.base/java.util.concurrent.ThreadPoolExecutor.runWorker(ThreadPoolExecutor.java:1130)
at java.base/java.util.concurrent.ThreadPoolExecutor$Worker.run(ThreadPoolExecutor.java:630)
at java.base/java.lang.Thread.run(Thread.java:832)
... Removed 24 stack frames]]>
    </failure>
  </testcase> <!-- validateAppTitle -->
  <testcase classname="Academy.ValidateTitleTest" name="validateHeader" time="0.147"/>
</testsuite> <!-- Test3 -->
