<?xml version="1.0" encoding="UTF-8"?>
<testng-results ignored="0" total="6" passed="5" failed="1" skipped="0">
  <reporter-output>
  </reporter-output>
  <suite started-at="2021-09-24T17:37:16 GMT-07:00" name="Suite" finished-at="2021-09-24T17:37:46 GMT-07:00" duration-ms="29871">
    <groups>
    </groups>
    <test started-at="2021-09-24T17:37:16 GMT-07:00" name="Test" finished-at="2021-09-24T17:37:16 GMT-07:00" duration-ms="45">
      <class name="Academy.AppTest">
        <test-method signature="shouldAnswerWithTrue()[pri:0, instance:Academy.AppTest@3738449f]" started-at="2021-09-24T17:37:16 GMT-07:00" name="shouldAnswerWithTrue" finished-at="2021-09-24T17:37:16 GMT-07:00" duration-ms="9" status="PASS">
          <reporter-output>
          </reporter-output>
        </test-method> <!-- shouldAnswerWithTrue -->
      </class> <!-- Academy.AppTest -->
    </test> <!-- Test -->
    <test started-at="2021-09-24T17:37:16 GMT-07:00" name="Test3" finished-at="2021-09-24T17:37:33 GMT-07:00" duration-ms="17057">
      <class name="Academy.ValidateTitleTest">
        <test-method is-config="true" signature="initialise()[pri:0, instance:Academy.ValidateTitleTest@6127a7e]" started-at="2021-09-24T17:37:16 GMT-07:00" name="initialise" finished-at="2021-09-24T17:37:31 GMT-07:00" duration-ms="14654" status="PASS">
          <reporter-output>
          </reporter-output>
        </test-method> <!-- initialise -->
        <test-method signature="validateAppTitle()[pri:0, instance:Academy.ValidateTitleTest@6127a7e]" started-at="2021-09-24T17:37:31 GMT-07:00" name="validateAppTitle" finished-at="2021-09-24T17:37:31 GMT-07:00" duration-ms="99" status="FAIL">
          <exception class="java.lang.AssertionError">
            <message>
              <![CDATA[expected [FEATURED123COURSES] but found [FEATURED COURSES]]]>
            </message>
            <full-stacktrace>
              <![CDATA[java.lang.AssertionError: expected [FEATURED123COURSES] but found [FEATURED COURSES]
at org.testng.Assert.fail(Assert.java:99)
at org.testng.Assert.failNotEquals(Assert.java:1037)
at org.testng.Assert.assertEqualsImpl(Assert.java:140)
at org.testng.Assert.assertEquals(Assert.java:122)
at org.testng.Assert.assertEquals(Assert.java:629)
at org.testng.Assert.assertEquals(Assert.java:639)
at Academy.ValidateTitleTest.validateAppTitle(ValidateTitleTest.java:41)
at java.base/jdk.internal.reflect.NativeMethodAccessorImpl.invoke0(Native Method)
at java.base/jdk.internal.reflect.NativeMethodAccessorImpl.invoke(NativeMethodAccessorImpl.java:64)
at java.base/jdk.internal.reflect.DelegatingMethodAccessorImpl.invoke(DelegatingMethodAccessorImpl.java:43)
at java.base/java.lang.reflect.Method.invoke(Method.java:564)
at org.testng.internal.MethodInvocationHelper.invokeMethod(MethodInvocationHelper.java:133)
at org.testng.internal.TestInvoker.invokeMethod(TestInvoker.java:598)
at org.testng.internal.TestInvoker.invokeTestMethod(TestInvoker.java:173)
at org.testng.internal.MethodRunner.runInSequence(MethodRunner.java:46)
at org.testng.internal.TestInvoker$MethodInvocationAgent.invoke(TestInvoker.java:824)
at org.testng.internal.TestInvoker.invokeTestMethods(TestInvoker.java:146)
at org.testng.internal.TestMethodWorker.invokeTestMethods(TestMethodWorker.java:146)
at org.testng.internal.TestMethodWorker.run(TestMethodWorker.java:128)
at java.base/java.util.ArrayList.forEach(ArrayList.java:1511)
at org.testng.TestRunner.privateRun(TestRunner.java:794)
at org.testng.TestRunner.run(TestRunner.java:596)
at org.testng.SuiteRunner.runTest(SuiteRunner.java:377)
at org.testng.SuiteRunner.access$000(SuiteRunner.java:28)
at org.testng.SuiteRunner$SuiteWorker.run(SuiteRunner.java:418)
at org.testng.internal.thread.ThreadUtil.lambda$execute$0(ThreadUtil.java:64)
at java.base/java.util.concurrent.FutureTask.run(FutureTask.java:264)
at java.base/java.util.concurrent.ThreadPoolExecutor.runWorker(ThreadPoolExecutor.java:1130)
at java.base/java.util.concurrent.ThreadPoolExecutor$Worker.run(ThreadPoolExecutor.java:630)
at java.base/java.lang.Thread.run(Thread.java:832)
]]>
            </full-stacktrace>
          </exception> <!-- java.lang.AssertionError -->
          <reporter-output>
          </reporter-output>
        </test-method> <!-- validateAppTitle -->
        <test-method signature="validateHeader()[pri:0, instance:Academy.ValidateTitleTest@6127a7e]" started-at="2021-09-24T17:37:32 GMT-07:00" name="validateHeader" finished-at="2021-09-24T17:37:33 GMT-07:00" duration-ms="147" status="PASS">
          <reporter-output>
          </reporter-output>
        </test-method> <!-- validateHeader -->
        <test-method is-config="true" signature="teardown()[pri:0, instance:Academy.ValidateTitleTest@6127a7e]" started-at="2021-09-24T17:37:33 GMT-07:00" name="teardown" finished-at="2021-09-24T17:37:33 GMT-07:00" duration-ms="258" status="PASS">
          <reporter-output>
          </reporter-output>
        </test-method> <!-- teardown -->
      </class> <!-- Academy.ValidateTitleTest -->
    </test> <!-- Test3 -->
    <test started-at="2021-09-24T17:37:16 GMT-07:00" name="Test1" finished-at="2021-09-24T17:37:34 GMT-07:00" duration-ms="18052">
      <class name="Academy.ValidateNavigationBarTest">
        <test-method is-config="true" signature="initialise()[pri:0, instance:Academy.ValidateNavigationBarTest@45fd9a4d]" started-at="2021-09-24T17:37:16 GMT-07:00" name="initialise" finished-at="2021-09-24T17:37:34 GMT-07:00" duration-ms="17839" status="PASS">
          <reporter-output>
          </reporter-output>
        </test-method> <!-- initialise -->
        <test-method signature="ValidateAppNavigation()[pri:0, instance:Academy.ValidateNavigationBarTest@45fd9a4d]" started-at="2021-09-24T17:37:34 GMT-07:00" name="ValidateAppNavigation" finished-at="2021-09-24T17:37:34 GMT-07:00" duration-ms="80" status="PASS">
          <reporter-output>
          </reporter-output>
        </test-method> <!-- ValidateAppNavigation -->
        <test-method is-config="true" signature="teardown()[pri:0, instance:Academy.ValidateNavigationBarTest@45fd9a4d]" started-at="2021-09-24T17:37:34 GMT-07:00" name="teardown" finished-at="2021-09-24T17:37:34 GMT-07:00" duration-ms="128" status="PASS">
          <reporter-output>
          </reporter-output>
        </test-method> <!-- teardown -->
      </class> <!-- Academy.ValidateNavigationBarTest -->
    </test> <!-- Test1 -->
    <test started-at="2021-09-24T17:37:16 GMT-07:00" name="Test2" finished-at="2021-09-24T17:37:46 GMT-07:00" duration-ms="29823">
      <class name="Academy.HomePageTest">
        <test-method is-config="true" signature="initialise()[pri:0, instance:Academy.HomePageTest@1e636ea3]" started-at="2021-09-24T17:37:16 GMT-07:00" name="initialise" finished-at="2021-09-24T17:37:33 GMT-07:00" duration-ms="16850" status="PASS">
          <reporter-output>
          </reporter-output>
        </test-method> <!-- initialise -->
        <test-method signature="basePageNavigation(java.lang.String,java.lang.String,java.lang.String)[pri:0, instance:Academy.HomePageTest@1e636ea3]" started-at="2021-09-24T17:37:33 GMT-07:00" name="basePageNavigation" data-provider="getData" finished-at="2021-09-24T17:37:42 GMT-07:00" duration-ms="8999" status="PASS">
          <params>
            <param index="0">
              <value>
                <![CDATA[nonrestricteduser@cw.com]]>
              </value>
            </param>
            <param index="1">
              <value>
                <![CDATA[123456]]>
              </value>
            </param>
            <param index="2">
              <value>
                <![CDATA[non restricted user]]>
              </value>
            </param>
          </params>
          <reporter-output>
          </reporter-output>
        </test-method> <!-- basePageNavigation -->
        <test-method signature="basePageNavigation(java.lang.String,java.lang.String,java.lang.String)[pri:0, instance:Academy.HomePageTest@1e636ea3]" started-at="2021-09-24T17:37:42 GMT-07:00" name="basePageNavigation" data-provider="getData" finished-at="2021-09-24T17:37:46 GMT-07:00" duration-ms="3888" status="PASS">
          <params>
            <param index="0">
              <value>
                <![CDATA[restricteduser@cw.com]]>
              </value>
            </param>
            <param index="1">
              <value>
                <![CDATA[123123]]>
              </value>
            </param>
            <param index="2">
              <value>
                <![CDATA[restricted user]]>
              </value>
            </param>
          </params>
          <reporter-output>
          </reporter-output>
        </test-method> <!-- basePageNavigation -->
        <test-method is-config="true" signature="teardown()[pri:0, instance:Academy.HomePageTest@1e636ea3]" started-at="2021-09-24T17:37:46 GMT-07:00" name="teardown" finished-at="2021-09-24T17:37:46 GMT-07:00" duration-ms="79" status="PASS">
          <reporter-output>
          </reporter-output>
        </test-method> <!-- teardown -->
      </class> <!-- Academy.HomePageTest -->
    </test> <!-- Test2 -->
  </suite> <!-- Suite -->
</testng-results>
